[2023-02-26T23:43:28.259] [WARN] default - URL: "/productos" no asignada
[2023-02-27T22:39:45.096] [WARN] default - URL: "/productos" no asignada
[2023-02-28T21:45:21.888] [WARN] default - URL: "/favicon.ico" no asignada
[2023-02-28T21:45:50.094] [WARN] default - URL: "/favicon.ico" no asignada
[2023-02-28T21:46:32.051] [WARN] default - URL: "/favicon.ico" no asignada
[2023-02-28T21:46:34.428] [WARN] default - URL: "/favicon.ico" no asignada
[2023-02-28T21:50:42.853] [WARN] default - URL: "/favicon.ico" no asignada
[2023-02-28T21:51:04.534] [WARN] default - URL: "/favicon.ico" no asignada
[2023-02-28T21:51:07.568] [WARN] default - URL: "/favicon.ico" no asignada
[2023-02-28T21:55:34.173] [WARN] default - URL: "/favicon.ico" no asignada
[2023-02-28T22:02:46.046] [WARN] default - URL: "/favicon.ico" no asignada
[2023-02-28T23:10:30.259] [WARN] default - Invalid Password
[2023-02-28T23:10:43.530] [WARN] default - Invalid Password
[2023-02-28T23:11:18.344] [WARN] default - Invalid Password
[2023-02-28T23:13:45.794] [WARN] default - Invalid Password
[2023-02-28T23:16:04.178] [WARN] default - Invalid Password
[2023-02-28T23:17:07.363] [WARN] default - Invalid Password
[2023-02-28T23:18:28.989] [WARN] default - Invalid Password
[2023-02-28T23:19:30.398] [WARN] default - Invalid Password
[2023-02-28T23:23:18.704] [WARN] default - Invalid Password
[2023-02-28T23:45:20.549] [WARN] default - Invalid Password
[2023-03-01T00:54:57.985] [WARN] default - Invalid type of file
[2023-03-01T01:07:58.926] [WARN] default - URL: "/public/uploads/c93b56510c2b489760fe495752c4e1a5" no asignada
[2023-03-01T01:10:27.451] [WARN] default - URL: "/public/uploads/c93b56510c2b489760fe495752c4e1a5" no asignada
[2023-03-01T01:11:13.490] [WARN] default - URL: "/public/uploads/c93b56510c2b489760fe495752c4e1a5" no asignada
[2023-03-01T01:17:52.909] [WARN] default - URL: "/public/uploads/c93b56510c2b489760fe495752c4e1a5" no asignada
[2023-03-01T01:18:49.725] [WARN] default - URL: "/public/uploads/c93b56510c2b489760fe495752c4e1a5" no asignada
[2023-03-01T01:19:52.190] [WARN] default - URL: "/public/uploads/c93b56510c2b489760fe495752c4e1a5.jpeg" no asignada
[2023-03-01T01:21:29.769] [WARN] default - URL: "/public/uploads/c93b56510c2b489760fe495752c4e1a5.jpeg" no asignada
[2023-03-01T01:22:00.477] [WARN] default - URL: "/public/uploads/c93b56510c2b489760fe495752c4e1a5.jpeg" no asignada
[2023-03-01T01:23:24.164] [WARN] default - URL: "/public/uploads/c93b56510c2b489760fe495752c4e1a5.jpeg" no asignada
[2023-03-01T01:25:29.315] [WARN] default - URL: "/public/uploads/c93b56510c2b489760fe495752c4e1a5.jpeg" no asignada
[2023-03-01T01:26:18.536] [WARN] default - URL: "/uploads/c93b56510c2b489760fe495752c4e1a5.jpeg" no asignada
[2023-03-01T01:28:08.924] [WARN] default - URL: "/public/uploads/c93b56510c2b489760fe495752c4e1a5.jpeg" no asignada
[2023-03-01T01:29:22.988] [WARN] default - URL: "/uploads/c93b56510c2b489760fe495752c4e1a5.jpeg" no asignada
[2023-03-01T01:30:10.594] [WARN] default - URL: "/public/uploads/c93b56510c2b489760fe495752c4e1a5" no asignada
[2023-03-01T01:31:00.963] [WARN] default - URL: "/c93b56510c2b489760fe495752c4e1a5.jpeg" no asignada
[2023-03-01T01:31:22.252] [WARN] default - URL: "/c93b56510c2b489760fe495752c4e1a5.jpeg" no asignada
[2023-03-01T01:32:09.369] [WARN] default - URL: "/c93b56510c2b489760fe495752c4e1a5.jpeg" no asignada
[2023-03-01T01:33:53.421] [WARN] default - URL: "/pages/Auth/l.jpeg" no asignada
[2023-03-01T19:47:47.415] [WARN] default - URL: "/l.jpeg" no asignada
[2023-03-01T19:48:31.342] [WARN] default - URL: "/l.jpeg" no asignada
[2023-03-01T19:52:17.455] [WARN] default - URL: "/l.jpeg" no asignada
[2023-03-01T19:53:18.680] [WARN] default - URL: "/views/pages/l.jpeg" no asignada
[2023-03-01T19:54:29.063] [WARN] default - URL: "/views/pages/l.jpeg" no asignada
[2023-03-01T19:55:24.562] [WARN] default - URL: "/pages/l.jpeg" no asignada
[2023-03-01T19:56:44.427] [WARN] default - URL: "/views/pages/l.jpeg" no asignada
[2023-03-01T20:04:59.848] [WARN] default - URL: "/l.jpeg" no asignada
[2023-03-01T20:06:43.041] [WARN] default - URL: "/views/l.jpeg" no asignada
[2023-03-01T20:10:54.759] [WARN] default - URL: "/views/l.jpeg" no asignada
[2023-03-01T20:19:45.086] [WARN] default - URL: "/public/uploads/cara-de-mario-bros-png.png" no asignada
[2023-03-01T20:20:44.083] [WARN] default - URL: "/public/uploads/cara-de-mario-bros-png.png" no asignada
[2023-03-01T20:21:49.091] [WARN] default - URL: "/uploads/cara-de-mario-bros-png.png" no asignada
[2023-03-01T20:23:10.857] [WARN] default - URL: "//uploads/cara-de-mario-bros-png.png" no asignada
[2023-03-01T20:23:28.011] [WARN] default - URL: "/public/uploads/cara-de-mario-bros-png.png" no asignada
[2023-03-01T20:24:29.956] [WARN] default - URL: "/public/uploads/cara-de-mario-bros-png.png" no asignada
[2023-03-01T20:25:13.914] [WARN] default - URL: "/public/uploads/cara-de-mario-bros-png.png" no asignada
[2023-03-01T20:33:21.236] [WARN] default - URL: "/public/uploads/cara-de-mario-bros-png.png" no asignada
[2023-03-01T21:06:57.164] [WARN] default - URL: "/cara-de-mario-bros-png.png" no asignada
[2023-03-01T21:08:41.064] [WARN] default - URL: "/cara-de-mario-bros-png.png" no asignada
[2023-03-01T21:26:42.204] [WARN] default - URL: "/public//uploads//cara-de-mario-bros-png.png" no asignada
[2023-03-01T21:28:15.466] [WARN] default - URL: "/public/uploads/cara-de-mario-bros-png.png" no asignada
[2023-03-01T22:02:32.102] [WARN] default - URL: "/public/uploads/cara-de-mario-bros-png.png" no asignada
[2023-03-01T22:29:13.441] [WARN] default - URL: "/public/uploads/cara-de-mario-bros-png.png" no asignada
[2023-03-01T22:33:11.310] [WARN] default - URL: "/public/uploads/cara-de-mario-bros-png.png" no asignada
[2023-03-02T23:14:54.527] [WARN] default - URL: "/public/uploads/cara-de-mario-bros-png.png" no asignada
[2023-03-02T23:25:00.747] [WARN] default - URL: "/public/uploads/cara-de-mario-bros-png.png" no asignada
[2023-03-02T23:28:19.141] [WARN] default - URL: "/public/uploads/cara-de-mario-bros-png.png" no asignada
[2023-03-02T23:57:06.578] [WARN] default - URL: "/public/uploads/3db31fd9c4d1f9cfb987d50ab035cc2f" no asignada
[2023-03-03T01:03:52.884] [WARN] default - URL: "/public/uploads/3db31fd9c4d1f9cfb987d50ab035cc2f" no asignada
[2023-03-03T01:04:18.567] [WARN] default - URL: "/public/uploads/3db31fd9c4d1f9cfb987d50ab035cc2f" no asignada
[2023-03-03T01:04:23.031] [WARN] default - URL: "/api/firebaseCarrito" no asignada
[2023-03-03T01:05:44.472] [WARN] default - URL: "/api/firebaseCarrito" no asignada
[2023-03-03T01:08:30.252] [WARN] default - URL: "/public/uploads/3db31fd9c4d1f9cfb987d50ab035cc2f" no asignada
[2023-03-03T01:08:48.104] [WARN] default - URL: "/alt=" no asignada
[2023-03-03T01:08:48.109] [WARN] default - URL: "/public/uploads/3db31fd9c4d1f9cfb987d50ab035cc2f" no asignada
[2023-03-03T01:16:18.142] [WARN] default - URL: "/alt=" no asignada
[2023-03-03T01:16:18.159] [WARN] default - URL: "/public/uploads/3db31fd9c4d1f9cfb987d50ab035cc2f" no asignada
[2023-03-03T01:18:15.094] [WARN] default - URL: "/public/uploads/3db31fd9c4d1f9cfb987d50ab035cc2f" no asignada
[2023-03-03T01:24:36.599] [WARN] default - URL: "/public/uploads/3db31fd9c4d1f9cfb987d50ab035cc2f" no asignada
[2023-03-03T01:24:51.135] [WARN] default - URL: "/compraOut" no asignada
[2023-03-03T01:34:24.440] [WARN] default - URL: "/public/uploads/3db31fd9c4d1f9cfb987d50ab035cc2f" no asignada
[2023-03-03T01:34:40.565] [WARN] default - URL: "/public/uploads/3db31fd9c4d1f9cfb987d50ab035cc2f" no asignada
[2023-03-03T01:37:08.365] [WARN] default - URL: "/public/uploads/3db31fd9c4d1f9cfb987d50ab035cc2f" no asignada
[2023-03-03T01:40:07.312] [WARN] default - URL: "/public/uploads/3db31fd9c4d1f9cfb987d50ab035cc2f" no asignada
[2023-03-03T01:41:29.000] [WARN] default - URL: "/public/uploads/3db31fd9c4d1f9cfb987d50ab035cc2f" no asignada
[2023-03-03T01:48:25.370] [WARN] default - URL: "/public/uploads/3db31fd9c4d1f9cfb987d50ab035cc2f" no asignada
[2023-03-03T01:48:39.462] [WARN] default - URL: "/public/uploads/3db31fd9c4d1f9cfb987d50ab035cc2f" no asignada
[2023-03-03T01:49:38.782] [WARN] default - URL: "/public/uploads/3db31fd9c4d1f9cfb987d50ab035cc2f" no asignada
[2023-03-03T01:49:53.144] [WARN] default - URL: "/public/uploads/3db31fd9c4d1f9cfb987d50ab035cc2f" no asignada
[2023-03-03T01:54:07.812] [WARN] default - URL: "/public/uploads/3db31fd9c4d1f9cfb987d50ab035cc2f" no asignada
[2023-03-03T01:54:19.912] [WARN] default - URL: "/public/uploads/3db31fd9c4d1f9cfb987d50ab035cc2f" no asignada
[2023-03-03T01:54:39.224] [WARN] default - URL: "/public/uploads/3db31fd9c4d1f9cfb987d50ab035cc2f" no asignada
[2023-03-12T16:48:11.799] [WARN] default - URL: "/public/uploads/94cbaf57f38f1cfda696def0c4be30f5" no asignada
[2023-03-12T16:59:21.450] [WARN] default - URL: "/public/uploads/0a157709b697009a0edbaf528f19aebb" no asignada
[2023-03-12T17:03:30.904] [WARN] default - URL: "/public/uploads/aaec9d6aa14c4b5e78a281f45fb292d5" no asignada
[2023-03-12T17:06:40.564] [WARN] default - URL: "/public/uploads/94cbaf57f38f1cfda696def0c4be30f5" no asignada
[2023-03-12T17:06:58.818] [WARN] default - URL: "/public/uploads/94cbaf57f38f1cfda696def0c4be30f5" no asignada
[2023-03-12T17:12:23.732] [WARN] default - URL: "/public/uploads/94cbaf57f38f1cfda696def0c4be30f5" no asignada
[2023-03-12T17:14:16.657] [WARN] default - URL: "/public/uploads/94cbaf57f38f1cfda696def0c4be30f5" no asignada
[2023-03-12T17:15:08.321] [WARN] default - URL: "/public/uploads/94cbaf57f38f1cfda696def0c4be30f5" no asignada
[2023-03-12T17:25:29.862] [WARN] default - URL: "/public/uploads/aaec9d6aa14c4b5e78a281f45fb292d5" no asignada
[2023-03-12T17:27:14.989] [WARN] default - URL: "/public/uploads/aaec9d6aa14c4b5e78a281f45fb292d5" no asignada
[2023-03-12T17:33:10.088] [WARN] default - URL: "/public/uploads/aaec9d6aa14c4b5e78a281f45fb292d5" no asignada
[2023-03-12T17:35:20.187] [WARN] default - URL: "/public/uploads/aaec9d6aa14c4b5e78a281f45fb292d5" no asignada
[2023-03-12T17:37:39.445] [WARN] default - URL: "/public/uploads/aaec9d6aa14c4b5e78a281f45fb292d5" no asignada
[2023-03-12T17:38:25.854] [WARN] default - URL: "/public/uploads/aaec9d6aa14c4b5e78a281f45fb292d5" no asignada
[2023-03-12T17:45:41.728] [WARN] default - URL: "/public/uploads/aaec9d6aa14c4b5e78a281f45fb292d5" no asignada
[2023-03-12T18:20:11.313] [WARN] default - URL: "/public/uploads/94cbaf57f38f1cfda696def0c4be30f5" no asignada
[2023-03-12T19:03:13.971] [WARN] default - URL: "/public/uploads/085d8661b0e4aa85176249c7e03f6418" no asignada
[2023-03-12T19:08:20.313] [WARN] default - URL: "/public/uploads/avatar" no asignada
[2023-03-12T19:22:17.561] [WARN] default - URL: "/public/uploads/1678659712979.ng" no asignada
[2023-03-12T19:25:21.265] [WARN] default - URL: "/public/uploads/1678659896991.png" no asignada
[2023-03-12T19:34:17.125] [WARN] default - URL: "/public/uploads/1678659896991.png" no asignada
[2023-03-12T19:35:10.902] [WARN] default - URL: "/public/uploads/1678659896991" no asignada
[2023-03-12T19:36:01.700] [WARN] default - URL: "/public/uploads/1678659896991.png" no asignada
[2023-03-12T19:37:11.757] [WARN] default - URL: "/uploads/1678659896991.png" no asignada
[2023-03-12T19:38:16.410] [WARN] default - URL: "/public/uploads/1678659896991.png" no asignada
[2023-03-12T19:39:00.729] [WARN] default - URL: "/public/uploads/1678659896991.png" no asignada
[2023-03-12T19:40:01.996] [WARN] default - URL: "/public/uploads/1678659896991.png" no asignada
[2023-03-16T20:35:46.462] [WARN] default - URL: "/public/uploads/1679009717848.jpeg" no asignada
[2023-03-16T21:03:16.702] [WARN] default - URL: "/public/uploads/1679011372064.jpeg" no asignada
[2023-03-16T21:21:21.816] [WARN] default - URL: "/public/uploads/1678659896991.png" no asignada
[2023-03-16T21:31:34.034] [WARN] default - URL: "/public/uploads/1678659896991.png" no asignada
[2023-03-16T21:32:54.531] [WARN] default - URL: "/public/uploads/1678659896991.png" no asignada
[2023-03-16T21:57:18.597] [WARN] default - URL: "/public/uploads/1678659896991.png" no asignada
[2023-03-16T22:05:39.650] [WARN] default - URL: "/public/uploads/1678659896991.png" no asignada
[2023-03-16T22:09:28.457] [WARN] default - URL: "/public/uploads/1678659896991.png" no asignada
[2023-03-16T22:15:06.125] [WARN] default - URL: "/public/uploads/1678659896991.png" no asignada
[2023-03-16T22:15:29.979] [WARN] default - URL: "/public/uploads/1678659896991.png" no asignada
[2023-03-16T22:18:27.737] [WARN] default - URL: "/compraOut" no asignada
[2023-03-16T22:20:27.748] [WARN] default - URL: "/public/uploads/1678659896991.png" no asignada
[2023-03-16T22:20:38.340] [WARN] default - URL: "/public/uploads/1678659896991.png" no asignada
[2023-03-16T22:41:14.504] [WARN] default - URL: "/public/uploads/1678659896991.png" no asignada
[2023-03-16T22:42:58.429] [WARN] default - URL: "/public/uploads/1679017351035.jpeg" no asignada
[2023-03-17T00:03:00.150] [WARN] default - URL: "/public/uploads/1678659896991.png" no asignada
[2023-03-17T00:03:35.593] [WARN] default - URL: "/public/uploads/1678659896991.png" no asignada
[2023-03-21T22:27:28.672] [WARN] default - URL: "/mongo/products/63a27d708b46d692f6d4a1ce" no asignada
[2023-03-21T22:35:32.562] [WARN] default - URL: "/public/uploads/1678659896991.png" no asignada
[2023-03-21T22:41:48.692] [WARN] default - URL: "/public/uploads/1678659896991.png" no asignada
[2023-03-21T22:56:54.325] [WARN] default - URL: "/mongo/products/" no asignada
[2023-03-21T22:58:04.237] [WARN] default - URL: "/mongo/products/" no asignada
[2023-03-21T22:58:39.223] [WARN] default - URL: "/mongo/products/" no asignada
[2023-03-21T23:17:43.947] [WARN] default - URL: "/mongo/products/" no asignada
[2023-03-21T23:18:25.667] [WARN] default - URL: "/mongo/products/" no asignada
[2023-03-29T23:00:39.391] [WARN] default - URL: "/productos/63a27d708b46d692f6d4a1d2" no asignada
